0 info it worked if it ends with ok
1 verbose cli [ '/Users/aylanmello/.nvm/versions/node/v6.6.0/bin/node',
1 verbose cli   '/Users/aylanmello/.nvm/versions/node/v6.6.0/bin/npm',
1 verbose cli   'run',
1 verbose cli   'feeder' ]
2 info using npm@3.10.3
3 info using node@v6.6.0
4 verbose run-script [ 'prefeeder', 'feeder', 'postfeeder' ]
5 info lifecycle fire-api@0.0.0~prefeeder: fire-api@0.0.0
6 silly lifecycle fire-api@0.0.0~prefeeder: no script for prefeeder, continuing
7 info lifecycle fire-api@0.0.0~feeder: fire-api@0.0.0
8 verbose lifecycle fire-api@0.0.0~feeder: unsafe-perm in lifecycle true
9 verbose lifecycle fire-api@0.0.0~feeder: PATH: /Users/aylanmello/.nvm/versions/node/v6.6.0/lib/node_modules/npm/bin/node-gyp-bin:/Users/aylanmello/apps/fire-api/node_modules/.bin:/Users/aylanmello/.nvm/versions/node/v6.6.0/bin:/Users/aylanmello/.nvm/versions/node/v6.6.0/bin:/Users/aylanmello/.rbenv/shims:/Users/aylanmello/.rbenv/bin:/usr/local/bin:/usr/bin:/bin:/usr/sbin:/sbin:/Applications/Postgres.app/Contents/Versions/latest/bin:/Users/aylanmello/
10 verbose lifecycle fire-api@0.0.0~feeder: CWD: /Users/aylanmello/apps/fire-api
11 silly lifecycle fire-api@0.0.0~feeder: Args: [ '-c', 'babel-node --presets es2015 -- fire-feeder.js' ]
12 silly lifecycle fire-api@0.0.0~feeder: Returned: code: 1  signal: null
13 info lifecycle fire-api@0.0.0~feeder: Failed to exec feeder script
14 verbose stack Error: fire-api@0.0.0 feeder: `babel-node --presets es2015 -- fire-feeder.js`
14 verbose stack Exit status 1
14 verbose stack     at EventEmitter.<anonymous> (/Users/aylanmello/.nvm/versions/node/v6.6.0/lib/node_modules/npm/lib/utils/lifecycle.js:242:16)
14 verbose stack     at emitTwo (events.js:106:13)
14 verbose stack     at EventEmitter.emit (events.js:191:7)
14 verbose stack     at ChildProcess.<anonymous> (/Users/aylanmello/.nvm/versions/node/v6.6.0/lib/node_modules/npm/lib/utils/spawn.js:40:14)
14 verbose stack     at emitTwo (events.js:106:13)
14 verbose stack     at ChildProcess.emit (events.js:191:7)
14 verbose stack     at maybeClose (internal/child_process.js:877:16)
14 verbose stack     at Process.ChildProcess._handle.onexit (internal/child_process.js:226:5)
15 verbose pkgid fire-api@0.0.0
16 verbose cwd /Users/aylanmello/apps/fire-api
17 error Darwin 15.6.0
18 error argv "/Users/aylanmello/.nvm/versions/node/v6.6.0/bin/node" "/Users/aylanmello/.nvm/versions/node/v6.6.0/bin/npm" "run" "feeder"
19 error node v6.6.0
20 error npm  v3.10.3
21 error code ELIFECYCLE
22 error fire-api@0.0.0 feeder: `babel-node --presets es2015 -- fire-feeder.js`
22 error Exit status 1
23 error Failed at the fire-api@0.0.0 feeder script 'babel-node --presets es2015 -- fire-feeder.js'.
23 error Make sure you have the latest version of node.js and npm installed.
23 error If you do, this is most likely a problem with the fire-api package,
23 error not with npm itself.
23 error Tell the author that this fails on your system:
23 error     babel-node --presets es2015 -- fire-feeder.js
23 error You can get information on how to open an issue for this project with:
23 error     npm bugs fire-api
23 error Or if that isn't available, you can get their info via:
23 error     npm owner ls fire-api
23 error There is likely additional logging output above.
24 verbose exit [ 1, true ]
